<?xml version="1.0" encoding="UTF-8"?>
<!-- Generated by org.testng.reporters.JUnitXMLReporter -->
<testsuite ignored="0" hostname="Pradeep-Ravichandran" failures="2" tests="2" name="BankingApp Test" time="68.556" errors="0" timestamp="2022-07-28T23:11:57 IST">
  <testcase classname="org.iBankingProject.testcases.Tc_logintest_001" name="logintest" time="6.455">
    <failure type="java.lang.AssertionError" message="expected [true] but found [false]">
      <![CDATA[java.lang.AssertionError: expected [true] but found [false]
at org.iBankingProject.testcases.Tc_logintest_001.logintest(Tc_logintest_001.java:31)
at java.base/java.util.ArrayList.forEach(ArrayList.java:1511)
... Removed 31 stack frames]]>
    </failure>
  </testcase> <!-- logintest -->
  <testcase classname="org.iBankingProject.testcases.Tc_AddNewCustomer_003" name="addnewcustomer" time="37.883">
    <failure type="java.lang.AssertionError" message="expected [true] but found [false]">
      <![CDATA[java.lang.AssertionError: expected [true] but found [false]
at org.iBankingProject.testcases.Tc_AddNewCustomer_003.addnewcustomer(Tc_AddNewCustomer_003.java:65)
at java.base/java.util.ArrayList.forEach(ArrayList.java:1511)
... Removed 31 stack frames]]>
    </failure>
  </testcase> <!-- addnewcustomer -->
</testsuite> <!-- BankingApp Test -->
